{
  "stats": {
    "suites": 1,
    "tests": 3,
    "passes": 3,
    "pending": 0,
    "failures": 0,
    "start": "2018-06-15T10:04:50.916Z",
    "end": "2018-06-15T10:04:50.927Z",
    "duration": 11,
    "testsRegistered": 3,
    "passPercent": 100,
    "pendingPercent": 0,
    "other": 0,
    "hasOther": false,
    "skipped": 0,
    "hasSkipped": false,
    "passPercentClass": "success",
    "pendingPercentClass": "danger"
  },
  "suites": {
    "uuid": "4fe2b645-876c-4166-a1dc-38d06e7f95c4",
    "title": "",
    "fullFile": "",
    "file": "",
    "beforeHooks": [],
    "afterHooks": [],
    "tests": [],
    "suites": [
      {
        "uuid": "5458e891-975f-4fdd-aa53-26f2fccd0320",
        "title": "Test Suite Tools",
        "fullFile": "/root/Bureau/Formation NodeJS/expressTP/test/TestTools.js",
        "file": "/test/TestTools.js",
        "beforeHooks": [],
        "afterHooks": [],
        "tests": [
          {
            "title": "test instance",
            "fullTitle": "Test Suite Tools test instance",
            "timedOut": false,
            "duration": 2,
            "state": "passed",
            "speed": "fast",
            "pass": true,
            "fail": false,
            "pending": false,
            "code": "//test addition\nexpect(T).to.be.instanceOf(Tools);\ndone();",
            "err": {},
            "isRoot": false,
            "uuid": "5b332220-a8d6-471d-91b4-f7cb7747adb8",
            "isHook": false,
            "skipped": false
          },
          {
            "title": "test addition",
            "fullTitle": "Test Suite Tools test addition",
            "timedOut": false,
            "duration": 1,
            "state": "passed",
            "speed": "fast",
            "pass": true,
            "fail": false,
            "pending": false,
            "code": "//test addition\nexpect(T.addition(1,1)).to.be.equal(2);\nexpect(T.addition(1,2)).to.be.equal(3);\nexpect(T.addition(3,1)).to.be.equal(4);\ndone();",
            "err": {},
            "isRoot": false,
            "uuid": "17383dc8-755c-4899-a086-77d9426e538a",
            "isHook": false,
            "skipped": false
          },
          {
            "title": "test quoi",
            "fullTitle": "Test Suite Tools test quoi",
            "timedOut": false,
            "duration": 0,
            "state": "passed",
            "speed": "fast",
            "pass": true,
            "fail": false,
            "pending": false,
            "code": "//test addition\nexpect(T.quoi('blabla')).to.be.equal('labla');\ndone();",
            "err": {},
            "isRoot": false,
            "uuid": "9e04737f-4deb-4961-bc70-2a72fb46f557",
            "isHook": false,
            "skipped": false
          }
        ],
        "suites": [],
        "passes": [
          "5b332220-a8d6-471d-91b4-f7cb7747adb8",
          "17383dc8-755c-4899-a086-77d9426e538a",
          "9e04737f-4deb-4961-bc70-2a72fb46f557"
        ],
        "failures": [],
        "pending": [],
        "skipped": [],
        "duration": 3,
        "root": false,
        "rootEmpty": false,
        "_timeout": 2000
      }
    ],
    "passes": [],
    "failures": [],
    "pending": [],
    "skipped": [],
    "duration": 0,
    "root": true,
    "rootEmpty": true,
    "_timeout": 2000
  },
  "copyrightYear": 2018
}